java.security.AccessControlException: access denied ("java.io.FilePermission" "/usr/bin/xprop" "execute")
	at java.security.AccessControlContext.checkPermission(AccessControlContext.java:472)
	at java.security.AccessController.checkPermission(AccessController.java:884)
	at java.lang.SecurityManager.checkPermission(SecurityManager.java:549)
	at java.lang.SecurityManager.checkExec(SecurityManager.java:796)
	at java.lang.ProcessBuilder.start(ProcessBuilder.java:1018)
	at java.lang.Runtime.exec(Runtime.java:620)
	at java.lang.Runtime.exec(Runtime.java:450)
	at java.lang.Runtime.exec(Runtime.java:347)
	at org.GNOME.Accessibility.AtkWrapper.<clinit>(AtkWrapper.java:34)
	at sun.reflect.NativeConstructorAccessorImpl.newInstance0(Native Method)
	at sun.reflect.NativeConstructorAccessorImpl.newInstance(NativeConstructorAccessorImpl.java:62)
	at sun.reflect.DelegatingConstructorAccessorImpl.newInstance(DelegatingConstructorAccessorImpl.java:45)
	at java.lang.reflect.Constructor.newInstance(Constructor.java:423)
	at java.lang.Class.newInstance(Class.java:442)
	at java.awt.Toolkit.loadAssistiveTechnologies(Toolkit.java:805)
	at java.awt.Toolkit.getDefaultToolkit(Toolkit.java:886)
	at javax.swing.UIManager.getSystemLookAndFeelClassName(UIManager.java:611)
	at net.sourceforge.jnlp.runtime.JNLPRuntime.initialize(JNLPRuntime.java:218)
	at net.sourceforge.jnlp.runtime.Boot.init(Boot.java:326)
	at net.sourceforge.jnlp.runtime.JnlpBoot.run(JnlpBoot.java:58)
	at net.sourceforge.jnlp.runtime.Boot.run(Boot.java:245)
	at net.sourceforge.jnlp.runtime.Boot.run(Boot.java:63)
	at java.security.AccessController.doPrivileged(Native Method)
	at net.sourceforge.jnlp.runtime.Boot.main(Boot.java:195)
Gtk-Message: Failed to load module "canberra-gtk-module"
netx: Invalid argument: net.sourceforge.jnlp.util.optionparser.InvalidArgumentException: [-Xmx1024M, -jar, /tools/burp/burp-loader-keygen.jar]
java.io.IOException: Unicode String
	at sun.awt.datatransfer.DataTransferer.translateTransferable(DataTransferer.java:1121)
	at sun.awt.datatransfer.DataTransferer$5.run(DataTransferer.java:2316)
	at java.awt.event.InvocationEvent.dispatch(InvocationEvent.java:311)
	at java.awt.EventQueue.dispatchEventImpl(EventQueue.java:758)
	at java.awt.EventQueue.access$500(EventQueue.java:97)
	at java.awt.EventQueue$3.run(EventQueue.java:709)
	at java.awt.EventQueue$3.run(EventQueue.java:703)
	at java.security.AccessController.doPrivileged(Native Method)
	at java.security.ProtectionDomain$JavaSecurityAccessImpl.doIntersectionPrivilege(ProtectionDomain.java:74)
	at java.awt.EventQueue.dispatchEvent(EventQueue.java:728)
	at org.GNOME.Accessibility.AtkWrapper$5.dispatchEvent(AtkWrapper.java:700)
	at java.awt.EventDispatchThread.pumpOneEventForFilters(EventDispatchThread.java:205)
	at java.awt.EventDispatchThread.pumpEventsForFilter(EventDispatchThread.java:116)
	at java.awt.EventDispatchThread.pumpEventsForHierarchy(EventDispatchThread.java:105)
	at java.awt.EventDispatchThread.pumpEvents(EventDispatchThread.java:101)
	at java.awt.EventDispatchThread.pumpEvents(EventDispatchThread.java:93)
	at java.awt.EventDispatchThread.run(EventDispatchThread.java:82)
Deleting temporary files - please wait ... Failed to delete temp directory: /tmp/burp2755428398639623241.tmp
